<?xml version="1.0" encoding="UTF-8"?>
<!-- Generated by org.testng.reporters.JUnitXMLReporter -->
<testsuite ignored="0" hostname="DESKTOP-HSAP4I8" failures="0" tests="2" name="SubmitOrderTest" time="52.187" errors="0" timestamp="2025-05-11T05:25:51 EEST">
  <testcase classname="Testing.Tests.ValidateThatUserCanMakeOrder" name="submitOrder" time="26.928"/>
  <testcase classname="Testing.Tests.ValidateThatUserCanMakeOrder" name="orderHistoryTest" time="4.975"/>
</testsuite> <!-- SubmitOrderTest -->
